<?xml version="1.0" encoding="UTF-8"?>
<!-- Generated by org.testng.reporters.JUnitReportReporter -->
<testsuite skipped="2" hostname="U6023257-TPL-A" name="com.tr.DTM.testcases.DB.ProdDBQuery" tests="2" failures="0" timestamp="11 Dec 2018 12:14:48 GMT" time="0.000" errors="0">
  <testcase name="getProdDBQuery" time="0.000" classname="com.tr.DTM.testcases.DB.ProdDBQuery">
    <skipped/>
  </testcase> <!-- getProdDBQuery -->
  <testcase name="getProdDBQuery" time="0.000" classname="com.tr.DTM.testcases.DB.ProdDBQuery">
    <skipped/>
  </testcase> <!-- getProdDBQuery -->
</testsuite> <!-- com.tr.DTM.testcases.DB.ProdDBQuery -->
