<?xml version="1.0" encoding="UTF-8"?>
<!-- Generated by org.testng.reporters.JUnitReportReporter -->
<testsuite hostname="U6023257-TPL-A" failures="0" tests="1" name="com.OpenWeatherMap.CurrentWeatherData.GetWebServiceData" time="0.013" errors="0" timestamp="15 Nov 2018 06:51:22 GMT" skipped="0">
  <testcase classname="com.OpenWeatherMap.CurrentWeatherData.GetWebServiceData" name="getWebServiceResponseData" time="0.013"/>
</testsuite> <!-- com.OpenWeatherMap.CurrentWeatherData.GetWebServiceData -->
